2025-06-17 15:31:57 [[31M[31MERROR[31M[39M]: [31m[31m[EMAIL] Eșec la inițializarea transporterului email:[31m[39m
Stack: TypeError: nodemailer.createTransporter is not a function
    at Object.<anonymous> (C:\Users\parna\OneDrive\Desktop\Website-Darius-Hreniuc-Modificat\backend\config\email.js:61:32)
    at Module._compile (node:internal/modules/cjs/loader:1554:14)
    at Object..js (node:internal/modules/cjs/loader:1706:10)
    at Module.load (node:internal/modules/cjs/loader:1289:32)
    at Function._load (node:internal/modules/cjs/loader:1108:12)
    at TracingChannel.traceSync (node:diagnostics_channel:322:14)
    at wrapModuleLoad (node:internal/modules/cjs/loader:220:24)
    at Module.require (node:internal/modules/cjs/loader:1311:12)
    at require (node:internal/modules/helpers:136:16)
    at Object.<anonymous> (C:\Users\parna\OneDrive\Desktop\Website-Darius-Hreniuc-Modificat\backend\utils\autoCleanup.js:4:39)
Meta: {
  "error": "nodemailer.createTransporter is not a function"
}
2025-06-19 14:17:19 [[31M[31MERROR[31M[39M]: [31m[31m[BOOKING-MODEL] MongoDB connection error:[31m[39m
Stack: MongooseServerSelectionError: Could not connect to any servers in your MongoDB Atlas cluster. One common reason is that you're trying to access the database from an IP that isn't whitelisted. Make sure your current IP address is on your Atlas cluster's IP whitelist: https://www.mongodb.com/docs/atlas/security-whitelist/
    at _handleConnectionErrors (C:\Users\parna\OneDrive\Desktop\Website-Darius-Hreniuc-Modificat\backend\node_modules\mongoose\lib\connection.js:1165:11)
    at NativeConnection.openUri (C:\Users\parna\OneDrive\Desktop\Website-Darius-Hreniuc-Modificat\backend\node_modules\mongoose\lib\connection.js:1096:11)
    at async connect (C:\Users\parna\OneDrive\Desktop\Website-Darius-Hreniuc-Modificat\backend\models\Booking.js:753:5)
Meta: {
  "error": "Could not connect to any servers in your MongoDB Atlas cluster. One common reason is that you're trying to access the database from an IP that isn't whitelisted. Make sure your current IP address is on your Atlas cluster's IP whitelist: https://www.mongodb.com/docs/atlas/security-whitelist/"
}
2025-06-19 14:17:29 [[31M[31MERROR[31M[39M]: [31m[31m[AUTH] Error creating default admin:[31m[39m
Stack: MongooseError: Operation `users.countDocuments()` buffering timed out after 10000ms
    at Timeout.<anonymous> (C:\Users\parna\OneDrive\Desktop\Website-Darius-Hreniuc-Modificat\backend\node_modules\mongoose\lib\drivers\node-mongodb-native\collection.js:187:23)
    at listOnTimeout (node:internal/timers:594:17)
    at process.processTimers (node:internal/timers:529:7)
Meta: {
  "error": "Operation `users.countDocuments()` buffering timed out after 10000ms"
}
2025-06-19 14:17:29 [[31M[31MERROR[31M[39M]: [31m[31m[AUTO-CLEANUP] Auto-cleanup: EROARE GENERALĂ la curățarea rezervărilor expirate:[31m[39m
Stack: MongooseError: Operation `bookings.find()` buffering timed out after 10000ms
    at Timeout.<anonymous> (C:\Users\parna\OneDrive\Desktop\Website-Darius-Hreniuc-Modificat\backend\node_modules\mongoose\lib\drivers\node-mongodb-native\collection.js:187:23)
    at listOnTimeout (node:internal/timers:594:17)
    at process.processTimers (node:internal/timers:529:7)
Meta: {
  "error": "Operation `bookings.find()` buffering timed out after 10000ms"
}
2025-06-19 14:17:39 [[31M[31MERROR[31M[39M]: [31m[31munhandledRejection: 38100000:error:0A000438:SSL routines:ssl3_read_bytes:tlsv1 alert internal error:c:\ws\deps\openssl\openssl\ssl\record\rec_layer_s3.c:1605:SSL alert number 80[31m[39m

[31m[31mMongoServerSelectionError: 38100000:error:0A000438:SSL routines:ssl3_read_bytes:tlsv1 alert internal error:c:\ws\deps\openssl\openssl\ssl\record\rec_layer_s3.c:1605:SSL alert number 80[31m[39m

[31m[31m    at Topology.selectServer (C:\Users\parna\OneDrive\Desktop\Website-Darius-Hreniuc-Modificat\backend\node_modules\mongodb\lib\sdam\topology.js:326:38)[31m[39m
[31m[31m    at async Topology._connect (C:\Users\parna\OneDrive\Desktop\Website-Darius-Hreniuc-Modificat\backend\node_modules\mongodb\lib\sdam\topology.js:200:28)[31m[39m
[31m[31m    at async Topology.connect (C:\Users\parna\OneDrive\Desktop\Website-Darius-Hreniuc-Modificat\backend\node_modules\mongodb\lib\sdam\topology.js:152:13)[31m[39m
[31m[31m    at async topologyConnect (C:\Users\parna\OneDrive\Desktop\Website-Darius-Hreniuc-Modificat\backend\node_modules\mongodb\lib\mongo_client.js:246:17)[31m[39m
[31m[31m    at async MongoClient._connect (C:\Users\parna\OneDrive\Desktop\Website-Darius-Hreniuc-Modificat\backend\node_modules\mongodb\lib\mongo_client.js:259:13)[31m[39m
[31m[31m    at async MongoClient.connect (C:\Users\parna\OneDrive\Desktop\Website-Darius-Hreniuc-Modificat\backend\node_modules\mongodb\lib\mongo_client.js:184:13)[31m[39m
[31m[31m    at async MongoClient.connect (C:\Users\parna\OneDrive\Desktop\Website-Darius-Hreniuc-Modificat\backend\node_modules\mongodb\lib\mongo_client.js:406:16)[31m[39m
Stack: MongoServerSelectionError: 38100000:error:0A000438:SSL routines:ssl3_read_bytes:tlsv1 alert internal error:c:\ws\deps\openssl\openssl\ssl\record\rec_layer_s3.c:1605:SSL alert number 80

    at Topology.selectServer (C:\Users\parna\OneDrive\Desktop\Website-Darius-Hreniuc-Modificat\backend\node_modules\mongodb\lib\sdam\topology.js:326:38)
    at async Topology._connect (C:\Users\parna\OneDrive\Desktop\Website-Darius-Hreniuc-Modificat\backend\node_modules\mongodb\lib\sdam\topology.js:200:28)
    at async Topology.connect (C:\Users\parna\OneDrive\Desktop\Website-Darius-Hreniuc-Modificat\backend\node_modules\mongodb\lib\sdam\topology.js:152:13)
    at async topologyConnect (C:\Users\parna\OneDrive\Desktop\Website-Darius-Hreniuc-Modificat\backend\node_modules\mongodb\lib\mongo_client.js:246:17)
    at async MongoClient._connect (C:\Users\parna\OneDrive\Desktop\Website-Darius-Hreniuc-Modificat\backend\node_modules\mongodb\lib\mongo_client.js:259:13)
    at async MongoClient.connect (C:\Users\parna\OneDrive\Desktop\Website-Darius-Hreniuc-Modificat\backend\node_modules\mongodb\lib\mongo_client.js:184:13)
    at async MongoClient.connect (C:\Users\parna\OneDrive\Desktop\Website-Darius-Hreniuc-Modificat\backend\node_modules\mongodb\lib\mongo_client.js:406:16)
Meta: {
  "error": {
    "errorLabelSet": {},
    "reason": {
      "type": "ReplicaSetNoPrimary",
      "servers": {
        "ac-ykadtfx-shard-00-02.l1amkmx.mongodb.net:27017": {
          "address": "ac-ykadtfx-shard-00-02.l1amkmx.mongodb.net:27017",
          "type": "Unknown",
          "hosts": [],
          "passives": [],
          "arbiters": [],
          "tags": {},
          "minWireVersion": 0,
          "maxWireVersion": 0,
          "roundTripTime": -1,
          "minRoundTripTime": 0,
          "lastUpdateTime": 7663947,
          "lastWriteDate": 0,
          "error": {
            "errorLabelSet": {},
            "beforeHandshake": false
          },
          "topologyVersion": null,
          "setName": null,
          "setVersion": null,
          "electionId": null,
          "logicalSessionTimeoutMinutes": null,
          "maxMessageSizeBytes": null,
          "maxWriteBatchSize": null,
          "maxBsonObjectSize": null,
          "primary": null,
          "me": null,
          "$clusterTime": null,
          "iscryptd": false
        },
        "ac-ykadtfx-shard-00-01.l1amkmx.mongodb.net:27017": {
          "address": "ac-ykadtfx-shard-00-01.l1amkmx.mongodb.net:27017",
          "type": "Unknown",
          "hosts": [],
          "passives": [],
          "arbiters": [],
          "tags": {},
          "minWireVersion": 0,
          "maxWireVersion": 0,
          "roundTripTime": -1,
          "minRoundTripTime": 0,
          "lastUpdateTime": 7664012,
          "lastWriteDate": 0,
          "error": {
            "errorLabelSet": {},
            "beforeHandshake": false
          },
          "topologyVersion": null,
          "setName": null,
          "setVersion": null,
          "electionId": null,
          "logicalSessionTimeoutMinutes": null,
          "maxMessageSizeBytes": null,
          "maxWriteBatchSize": null,
          "maxBsonObjectSize": null,
          "primary": null,
          "me": null,
          "$clusterTime": null,
          "iscryptd": false
        },
        "ac-ykadtfx-shard-00-00.l1amkmx.mongodb.net:27017": {
          "address": "ac-ykadtfx-shard-00-00.l1amkmx.mongodb.net:27017",
          "type": "Unknown",
          "hosts": [],
          "passives": [],
          "arbiters": [],
          "tags": {},
          "minWireVersion": 0,
          "maxWireVersion": 0,
          "roundTripTime": -1,
          "minRoundTripTime": 0,
          "lastUpdateTime": 7663990,
          "lastWriteDate": 0,
          "error": {
            "errorLabelSet": {},
            "beforeHandshake": false
          },
          "topologyVersion": null,
          "setName": null,
          "setVersion": null,
          "electionId": null,
          "logicalSessionTimeoutMinutes": null,
          "maxMessageSizeBytes": null,
          "maxWriteBatchSize": null,
          "maxBsonObjectSize": null,
          "primary": null,
          "me": null,
          "$clusterTime": null,
          "iscryptd": false
        }
      },
      "stale": false,
      "compatible": true,
      "heartbeatFrequencyMS": 10000,
      "localThresholdMS": 15,
      "setName": "atlas-wujy0y-shard-0",
      "maxElectionId": null,
      "maxSetVersion": null,
      "commonWireVersion": 0,
      "logicalSessionTimeoutMinutes": null
    }
  },
  "rejection": true,
  "date": "Thu Jun 19 2025 14:17:39 GMT+0300 (Eastern European Summer Time)",
  "process": {
    "pid": 18780,
    "uid": null,
    "gid": null,
    "cwd": "C:\\Users\\parna\\OneDrive\\Desktop\\Website-Darius-Hreniuc-Modificat\\backend",
    "execPath": "C:\\node.exe",
    "version": "v22.14.0",
    "argv": [
      "C:\\node.exe",
      "C:\\Users\\parna\\OneDrive\\Desktop\\Website-Darius-Hreniuc-Modificat\\backend\\server.js"
    ],
    "memoryUsage": {
      "rss": 74330112,
      "heapTotal": 28434432,
      "heapUsed": 25612200,
      "external": 20692176,
      "arrayBuffers": 18270964
    }
  },
  "os": {
    "loadavg": [
      0,
      0,
      0
    ],
    "uptime": 7664.218
  },
  "trace": [
    {
      "column": 38,
      "file": "C:\\Users\\parna\\OneDrive\\Desktop\\Website-Darius-Hreniuc-Modificat\\backend\\node_modules\\mongodb\\lib\\sdam\\topology.js",
      "function": "Topology.selectServer",
      "line": 326,
      "method": "selectServer",
      "native": false
    },
    {
      "column": 28,
      "file": "C:\\Users\\parna\\OneDrive\\Desktop\\Website-Darius-Hreniuc-Modificat\\backend\\node_modules\\mongodb\\lib\\sdam\\topology.js",
      "function": "async Topology._connect",
      "line": 200,
      "method": "_connect",
      "native": false
    },
    {
      "column": 13,
      "file": "C:\\Users\\parna\\OneDrive\\Desktop\\Website-Darius-Hreniuc-Modificat\\backend\\node_modules\\mongodb\\lib\\sdam\\topology.js",
      "function": "async Topology.connect",
      "line": 152,
      "method": "connect",
      "native": false
    },
    {
      "column": 17,
      "file": "C:\\Users\\parna\\OneDrive\\Desktop\\Website-Darius-Hreniuc-Modificat\\backend\\node_modules\\mongodb\\lib\\mongo_client.js",
      "function": "async topologyConnect",
      "line": 246,
      "method": null,
      "native": false
    },
    {
      "column": 13,
      "file": "C:\\Users\\parna\\OneDrive\\Desktop\\Website-Darius-Hreniuc-Modificat\\backend\\node_modules\\mongodb\\lib\\mongo_client.js",
      "function": "async MongoClient._connect",
      "line": 259,
      "method": "_connect",
      "native": false
    },
    {
      "column": 13,
      "file": "C:\\Users\\parna\\OneDrive\\Desktop\\Website-Darius-Hreniuc-Modificat\\backend\\node_modules\\mongodb\\lib\\mongo_client.js",
      "function": "async MongoClient.connect",
      "line": 184,
      "method": "connect",
      "native": false
    },
    {
      "column": 16,
      "file": "C:\\Users\\parna\\OneDrive\\Desktop\\Website-Darius-Hreniuc-Modificat\\backend\\node_modules\\mongodb\\lib\\mongo_client.js",
      "function": "async MongoClient.connect",
      "line": 406,
      "method": "connect",
      "native": false
    }
  ]
}
2025-06-19 14:19:36 [[31M[31MERROR[31M[39M]: [31m[31m[BOOKING-MODEL] MongoDB connection error:[31m[39m
Stack: MongooseServerSelectionError: Could not connect to any servers in your MongoDB Atlas cluster. One common reason is that you're trying to access the database from an IP that isn't whitelisted. Make sure your current IP address is on your Atlas cluster's IP whitelist: https://www.mongodb.com/docs/atlas/security-whitelist/
    at _handleConnectionErrors (C:\Users\parna\OneDrive\Desktop\Website-Darius-Hreniuc-Modificat\backend\node_modules\mongoose\lib\connection.js:1165:11)
    at NativeConnection.openUri (C:\Users\parna\OneDrive\Desktop\Website-Darius-Hreniuc-Modificat\backend\node_modules\mongoose\lib\connection.js:1096:11)
    at async connect (C:\Users\parna\OneDrive\Desktop\Website-Darius-Hreniuc-Modificat\backend\models\Booking.js:753:5)
Meta: {
  "error": "Could not connect to any servers in your MongoDB Atlas cluster. One common reason is that you're trying to access the database from an IP that isn't whitelisted. Make sure your current IP address is on your Atlas cluster's IP whitelist: https://www.mongodb.com/docs/atlas/security-whitelist/"
}
2025-06-19 14:19:46 [[31M[31MERROR[31M[39M]: [31m[31m[AUTH] Error creating default admin:[31m[39m
Stack: MongooseError: Operation `users.countDocuments()` buffering timed out after 10000ms
    at Timeout.<anonymous> (C:\Users\parna\OneDrive\Desktop\Website-Darius-Hreniuc-Modificat\backend\node_modules\mongoose\lib\drivers\node-mongodb-native\collection.js:187:23)
    at listOnTimeout (node:internal/timers:594:17)
    at process.processTimers (node:internal/timers:529:7)
Meta: {
  "error": "Operation `users.countDocuments()` buffering timed out after 10000ms"
}
2025-06-19 14:19:46 [[31M[31MERROR[31M[39M]: [31m[31m[AUTO-CLEANUP] Auto-cleanup: EROARE GENERALĂ la curățarea rezervărilor expirate:[31m[39m
Stack: MongooseError: Operation `bookings.find()` buffering timed out after 10000ms
    at Timeout.<anonymous> (C:\Users\parna\OneDrive\Desktop\Website-Darius-Hreniuc-Modificat\backend\node_modules\mongoose\lib\drivers\node-mongodb-native\collection.js:187:23)
    at listOnTimeout (node:internal/timers:594:17)
    at process.processTimers (node:internal/timers:529:7)
Meta: {
  "error": "Operation `bookings.find()` buffering timed out after 10000ms"
}
2025-06-19 14:19:56 [[31M[31MERROR[31M[39M]: [31m[31munhandledRejection: 4C2F0000:error:0A000438:SSL routines:ssl3_read_bytes:tlsv1 alert internal error:c:\ws\deps\openssl\openssl\ssl\record\rec_layer_s3.c:1605:SSL alert number 80[31m[39m

[31m[31mMongoServerSelectionError: 4C2F0000:error:0A000438:SSL routines:ssl3_read_bytes:tlsv1 alert internal error:c:\ws\deps\openssl\openssl\ssl\record\rec_layer_s3.c:1605:SSL alert number 80[31m[39m

[31m[31m    at Topology.selectServer (C:\Users\parna\OneDrive\Desktop\Website-Darius-Hreniuc-Modificat\backend\node_modules\mongodb\lib\sdam\topology.js:326:38)[31m[39m
[31m[31m    at async Topology._connect (C:\Users\parna\OneDrive\Desktop\Website-Darius-Hreniuc-Modificat\backend\node_modules\mongodb\lib\sdam\topology.js:200:28)[31m[39m
[31m[31m    at async Topology.connect (C:\Users\parna\OneDrive\Desktop\Website-Darius-Hreniuc-Modificat\backend\node_modules\mongodb\lib\sdam\topology.js:152:13)[31m[39m
[31m[31m    at async topologyConnect (C:\Users\parna\OneDrive\Desktop\Website-Darius-Hreniuc-Modificat\backend\node_modules\mongodb\lib\mongo_client.js:246:17)[31m[39m
[31m[31m    at async MongoClient._connect (C:\Users\parna\OneDrive\Desktop\Website-Darius-Hreniuc-Modificat\backend\node_modules\mongodb\lib\mongo_client.js:259:13)[31m[39m
[31m[31m    at async MongoClient.connect (C:\Users\parna\OneDrive\Desktop\Website-Darius-Hreniuc-Modificat\backend\node_modules\mongodb\lib\mongo_client.js:184:13)[31m[39m
[31m[31m    at async MongoClient.connect (C:\Users\parna\OneDrive\Desktop\Website-Darius-Hreniuc-Modificat\backend\node_modules\mongodb\lib\mongo_client.js:406:16)[31m[39m
Stack: MongoServerSelectionError: 4C2F0000:error:0A000438:SSL routines:ssl3_read_bytes:tlsv1 alert internal error:c:\ws\deps\openssl\openssl\ssl\record\rec_layer_s3.c:1605:SSL alert number 80

    at Topology.selectServer (C:\Users\parna\OneDrive\Desktop\Website-Darius-Hreniuc-Modificat\backend\node_modules\mongodb\lib\sdam\topology.js:326:38)
    at async Topology._connect (C:\Users\parna\OneDrive\Desktop\Website-Darius-Hreniuc-Modificat\backend\node_modules\mongodb\lib\sdam\topology.js:200:28)
    at async Topology.connect (C:\Users\parna\OneDrive\Desktop\Website-Darius-Hreniuc-Modificat\backend\node_modules\mongodb\lib\sdam\topology.js:152:13)
    at async topologyConnect (C:\Users\parna\OneDrive\Desktop\Website-Darius-Hreniuc-Modificat\backend\node_modules\mongodb\lib\mongo_client.js:246:17)
    at async MongoClient._connect (C:\Users\parna\OneDrive\Desktop\Website-Darius-Hreniuc-Modificat\backend\node_modules\mongodb\lib\mongo_client.js:259:13)
    at async MongoClient.connect (C:\Users\parna\OneDrive\Desktop\Website-Darius-Hreniuc-Modificat\backend\node_modules\mongodb\lib\mongo_client.js:184:13)
    at async MongoClient.connect (C:\Users\parna\OneDrive\Desktop\Website-Darius-Hreniuc-Modificat\backend\node_modules\mongodb\lib\mongo_client.js:406:16)
Meta: {
  "error": {
    "errorLabelSet": {},
    "reason": {
      "type": "ReplicaSetNoPrimary",
      "servers": {
        "ac-ykadtfx-shard-00-02.l1amkmx.mongodb.net:27017": {
          "address": "ac-ykadtfx-shard-00-02.l1amkmx.mongodb.net:27017",
          "type": "Unknown",
          "hosts": [],
          "passives": [],
          "arbiters": [],
          "tags": {},
          "minWireVersion": 0,
          "maxWireVersion": 0,
          "roundTripTime": -1,
          "minRoundTripTime": 0,
          "lastUpdateTime": 7801448,
          "lastWriteDate": 0,
          "error": {
            "errorLabelSet": {},
            "beforeHandshake": false
          },
          "topologyVersion": null,
          "setName": null,
          "setVersion": null,
          "electionId": null,
          "logicalSessionTimeoutMinutes": null,
          "maxMessageSizeBytes": null,
          "maxWriteBatchSize": null,
          "maxBsonObjectSize": null,
          "primary": null,
          "me": null,
          "$clusterTime": null,
          "iscryptd": false
        },
        "ac-ykadtfx-shard-00-00.l1amkmx.mongodb.net:27017": {
          "address": "ac-ykadtfx-shard-00-00.l1amkmx.mongodb.net:27017",
          "type": "Unknown",
          "hosts": [],
          "passives": [],
          "arbiters": [],
          "tags": {},
          "minWireVersion": 0,
          "maxWireVersion": 0,
          "roundTripTime": -1,
          "minRoundTripTime": 0,
          "lastUpdateTime": 7801334,
          "lastWriteDate": 0,
          "error": {
            "errorLabelSet": {},
            "beforeHandshake": false
          },
          "topologyVersion": null,
          "setName": null,
          "setVersion": null,
          "electionId": null,
          "logicalSessionTimeoutMinutes": null,
          "maxMessageSizeBytes": null,
          "maxWriteBatchSize": null,
          "maxBsonObjectSize": null,
          "primary": null,
          "me": null,
          "$clusterTime": null,
          "iscryptd": false
        },
        "ac-ykadtfx-shard-00-01.l1amkmx.mongodb.net:27017": {
          "address": "ac-ykadtfx-shard-00-01.l1amkmx.mongodb.net:27017",
          "type": "Unknown",
          "hosts": [],
          "passives": [],
          "arbiters": [],
          "tags": {},
          "minWireVersion": 0,
          "maxWireVersion": 0,
          "roundTripTime": -1,
          "minRoundTripTime": 0,
          "lastUpdateTime": 7801303,
          "lastWriteDate": 0,
          "error": {
            "errorLabelSet": {},
            "beforeHandshake": false
          },
          "topologyVersion": null,
          "setName": null,
          "setVersion": null,
          "electionId": null,
          "logicalSessionTimeoutMinutes": null,
          "maxMessageSizeBytes": null,
          "maxWriteBatchSize": null,
          "maxBsonObjectSize": null,
          "primary": null,
          "me": null,
          "$clusterTime": null,
          "iscryptd": false
        }
      },
      "stale": false,
      "compatible": true,
      "heartbeatFrequencyMS": 10000,
      "localThresholdMS": 15,
      "setName": "atlas-wujy0y-shard-0",
      "maxElectionId": null,
      "maxSetVersion": null,
      "commonWireVersion": 0,
      "logicalSessionTimeoutMinutes": null
    }
  },
  "rejection": true,
  "date": "Thu Jun 19 2025 14:19:56 GMT+0300 (Eastern European Summer Time)",
  "process": {
    "pid": 27120,
    "uid": null,
    "gid": null,
    "cwd": "C:\\Users\\parna\\OneDrive\\Desktop\\Website-Darius-Hreniuc-Modificat\\backend",
    "execPath": "C:\\node.exe",
    "version": "v22.14.0",
    "argv": [
      "C:\\node.exe",
      "C:\\Users\\parna\\OneDrive\\Desktop\\Website-Darius-Hreniuc-Modificat\\backend\\server.js"
    ],
    "memoryUsage": {
      "rss": 72855552,
      "heapTotal": 28172288,
      "heapUsed": 25927136,
      "external": 20692176,
      "arrayBuffers": 18270964
    }
  },
  "os": {
    "loadavg": [
      0,
      0,
      0
    ],
    "uptime": 7801.64
  },
  "trace": [
    {
      "column": 38,
      "file": "C:\\Users\\parna\\OneDrive\\Desktop\\Website-Darius-Hreniuc-Modificat\\backend\\node_modules\\mongodb\\lib\\sdam\\topology.js",
      "function": "Topology.selectServer",
      "line": 326,
      "method": "selectServer",
      "native": false
    },
    {
      "column": 28,
      "file": "C:\\Users\\parna\\OneDrive\\Desktop\\Website-Darius-Hreniuc-Modificat\\backend\\node_modules\\mongodb\\lib\\sdam\\topology.js",
      "function": "async Topology._connect",
      "line": 200,
      "method": "_connect",
      "native": false
    },
    {
      "column": 13,
      "file": "C:\\Users\\parna\\OneDrive\\Desktop\\Website-Darius-Hreniuc-Modificat\\backend\\node_modules\\mongodb\\lib\\sdam\\topology.js",
      "function": "async Topology.connect",
      "line": 152,
      "method": "connect",
      "native": false
    },
    {
      "column": 17,
      "file": "C:\\Users\\parna\\OneDrive\\Desktop\\Website-Darius-Hreniuc-Modificat\\backend\\node_modules\\mongodb\\lib\\mongo_client.js",
      "function": "async topologyConnect",
      "line": 246,
      "method": null,
      "native": false
    },
    {
      "column": 13,
      "file": "C:\\Users\\parna\\OneDrive\\Desktop\\Website-Darius-Hreniuc-Modificat\\backend\\node_modules\\mongodb\\lib\\mongo_client.js",
      "function": "async MongoClient._connect",
      "line": 259,
      "method": "_connect",
      "native": false
    },
    {
      "column": 13,
      "file": "C:\\Users\\parna\\OneDrive\\Desktop\\Website-Darius-Hreniuc-Modificat\\backend\\node_modules\\mongodb\\lib\\mongo_client.js",
      "function": "async MongoClient.connect",
      "line": 184,
      "method": "connect",
      "native": false
    },
    {
      "column": 16,
      "file": "C:\\Users\\parna\\OneDrive\\Desktop\\Website-Darius-Hreniuc-Modificat\\backend\\node_modules\\mongodb\\lib\\mongo_client.js",
      "function": "async MongoClient.connect",
      "line": 406,
      "method": "connect",
      "native": false
    }
  ]
}
2025-06-19 14:22:02 [[31M[31MERROR[31M[39M]: [31m[31m[SERVER] Forceful shutdown[31m[39m
{"level":"error","message":"[SERVER] Forceful shutdown","timestamp":"2025-06-19T11:27:01.137Z"}
{"error":"Could not connect to any servers in your MongoDB Atlas cluster. One common reason is that you're trying to access the database from an IP that isn't whitelisted. Make sure your current IP address is on your Atlas cluster's IP whitelist: https://www.mongodb.com/docs/atlas/security-whitelist/","level":"error","message":"[BOOKING-MODEL] MongoDB connection error:","stack":"MongooseServerSelectionError: Could not connect to any servers in your MongoDB Atlas cluster. One common reason is that you're trying to access the database from an IP that isn't whitelisted. Make sure your current IP address is on your Atlas cluster's IP whitelist: https://www.mongodb.com/docs/atlas/security-whitelist/\n    at _handleConnectionErrors (C:\\Users\\parna\\OneDrive\\Desktop\\Website-Darius-Hreniuc-Modificat\\backend\\node_modules\\mongoose\\lib\\connection.js:1165:11)\n    at NativeConnection.openUri (C:\\Users\\parna\\OneDrive\\Desktop\\Website-Darius-Hreniuc-Modificat\\backend\\node_modules\\mongoose\\lib\\connection.js:1096:11)\n    at async connect (C:\\Users\\parna\\OneDrive\\Desktop\\Website-Darius-Hreniuc-Modificat\\backend\\models\\Booking.js:753:5)","timestamp":"2025-06-22T16:11:57.862Z"}
{"error":"Could not connect to any servers in your MongoDB Atlas cluster. One common reason is that you're trying to access the database from an IP that isn't whitelisted. Make sure your current IP address is on your Atlas cluster's IP whitelist: https://www.mongodb.com/docs/atlas/security-whitelist/","level":"error","message":"[BOOKING-MODEL] MongoDB connection error:","stack":"MongooseServerSelectionError: Could not connect to any servers in your MongoDB Atlas cluster. One common reason is that you're trying to access the database from an IP that isn't whitelisted. Make sure your current IP address is on your Atlas cluster's IP whitelist: https://www.mongodb.com/docs/atlas/security-whitelist/\n    at _handleConnectionErrors (C:\\Users\\parna\\OneDrive\\Desktop\\Website-Darius-Hreniuc-Modificat\\backend\\node_modules\\mongoose\\lib\\connection.js:1165:11)\n    at NativeConnection.openUri (C:\\Users\\parna\\OneDrive\\Desktop\\Website-Darius-Hreniuc-Modificat\\backend\\node_modules\\mongoose\\lib\\connection.js:1096:11)\n    at async connect (C:\\Users\\parna\\OneDrive\\Desktop\\Website-Darius-Hreniuc-Modificat\\backend\\models\\Booking.js:753:5)","timestamp":"2025-06-22T16:13:30.914Z"}
{"error":"isTimeSlotAvailable is not defined","level":"error","message":"[BOOKING-CONTROLLER] [TIME-SLOTS] Eroare la obținerea orelor disponibile:","stack":"ReferenceError: isTimeSlotAvailable is not defined\n    at getAvailableTimeSlots (C:\\Users\\parna\\OneDrive\\Desktop\\Website-Darius-Hreniuc-Modificat\\backend\\controllers\\bookingController.js:286:27)\n    at process.processTicksAndRejections (node:internal/process/task_queues:105:5)","timestamp":"2025-06-22T16:15:25.414Z"}
{"error":"getaddrinfo ENOTFOUND ac-ykadtfx-shard-00-00.l1amkmx.mongodb.net","level":"error","message":"[AUTO-CLEANUP] Auto-cleanup: EROARE GENERALĂ la curățarea rezervărilor expirate:","stack":"MongoServerSelectionError: getaddrinfo ENOTFOUND ac-ykadtfx-shard-00-00.l1amkmx.mongodb.net\n    at Topology.selectServer (C:\\Users\\parna\\OneDrive\\Desktop\\Website-Darius-Hreniuc-Modificat\\backend\\node_modules\\mongodb\\lib\\sdam\\topology.js:326:38)\n    at runNextTicks (node:internal/process/task_queues:65:5)\n    at process.processTimers (node:internal/timers:526:9)\n    at async tryOperation (C:\\Users\\parna\\OneDrive\\Desktop\\Website-Darius-Hreniuc-Modificat\\backend\\node_modules\\mongodb\\lib\\operations\\execute_operation.js:145:18)\n    at async executeOperation (C:\\Users\\parna\\OneDrive\\Desktop\\Website-Darius-Hreniuc-Modificat\\backend\\node_modules\\mongodb\\lib\\operations\\execute_operation.js:75:16)\n    at async FindCursor._initialize (C:\\Users\\parna\\OneDrive\\Desktop\\Website-Darius-Hreniuc-Modificat\\backend\\node_modules\\mongodb\\lib\\cursor\\find_cursor.js:61:26)\n    at async FindCursor.cursorInit (C:\\Users\\parna\\OneDrive\\Desktop\\Website-Darius-Hreniuc-Modificat\\backend\\node_modules\\mongodb\\lib\\cursor\\abstract_cursor.js:633:27)\n    at async FindCursor.fetchBatch (C:\\Users\\parna\\OneDrive\\Desktop\\Website-Darius-Hreniuc-Modificat\\backend\\node_modules\\mongodb\\lib\\cursor\\abstract_cursor.js:667:13)\n    at async FindCursor.next (C:\\Users\\parna\\OneDrive\\Desktop\\Website-Darius-Hreniuc-Modificat\\backend\\node_modules\\mongodb\\lib\\cursor\\abstract_cursor.js:347:17)\n    at async [Symbol.asyncIterator] (C:\\Users\\parna\\OneDrive\\Desktop\\Website-Darius-Hreniuc-Modificat\\backend\\node_modules\\mongodb\\lib\\cursor\\abstract_cursor.js:255:34)","timestamp":"2025-06-22T17:01:09.504Z"}
{"error":"Could not connect to any servers in your MongoDB Atlas cluster. One common reason is that you're trying to access the database from an IP that isn't whitelisted. Make sure your current IP address is on your Atlas cluster's IP whitelist: https://www.mongodb.com/docs/atlas/security-whitelist/","level":"error","message":"[BOOKING-MODEL] MongoDB connection error:","stack":"MongooseServerSelectionError: Could not connect to any servers in your MongoDB Atlas cluster. One common reason is that you're trying to access the database from an IP that isn't whitelisted. Make sure your current IP address is on your Atlas cluster's IP whitelist: https://www.mongodb.com/docs/atlas/security-whitelist/\n    at _handleConnectionErrors (C:\\Users\\parna\\OneDrive\\Desktop\\Website-Darius-Hreniuc-Modificat\\backend\\node_modules\\mongoose\\lib\\connection.js:1165:11)\n    at NativeConnection.openUri (C:\\Users\\parna\\OneDrive\\Desktop\\Website-Darius-Hreniuc-Modificat\\backend\\node_modules\\mongoose\\lib\\connection.js:1096:11)\n    at async connect (C:\\Users\\parna\\OneDrive\\Desktop\\Website-Darius-Hreniuc-Modificat\\backend\\models\\Booking.js:648:5)","timestamp":"2025-06-23T12:44:13.480Z"}
{"error":"Could not connect to any servers in your MongoDB Atlas cluster. One common reason is that you're trying to access the database from an IP that isn't whitelisted. Make sure your current IP address is on your Atlas cluster's IP whitelist: https://www.mongodb.com/docs/atlas/security-whitelist/","level":"error","message":"[BOOKING-MODEL] MongoDB connection error:","stack":"MongooseServerSelectionError: Could not connect to any servers in your MongoDB Atlas cluster. One common reason is that you're trying to access the database from an IP that isn't whitelisted. Make sure your current IP address is on your Atlas cluster's IP whitelist: https://www.mongodb.com/docs/atlas/security-whitelist/\n    at _handleConnectionErrors (C:\\Users\\parna\\OneDrive\\Desktop\\Website-Darius-Hreniuc-Modificat\\backend\\node_modules\\mongoose\\lib\\connection.js:1165:11)\n    at NativeConnection.openUri (C:\\Users\\parna\\OneDrive\\Desktop\\Website-Darius-Hreniuc-Modificat\\backend\\node_modules\\mongoose\\lib\\connection.js:1096:11)\n    at async connect (C:\\Users\\parna\\OneDrive\\Desktop\\Website-Darius-Hreniuc-Modificat\\backend\\models\\Booking.js:648:5)","timestamp":"2025-07-05T18:42:38.414Z"}
