{"date":"Wed Jun 18 2025 10:39:49 GMT+0300 (Eastern European Summer Time)","error":{},"exception":true,"level":"error","message":"uncaughtException: checkMultipleTimeSlots is not defined\nReferenceError: checkMultipleTimeSlots is not defined\n    at Object.<anonymous> (C:\\Users\\parna\\OneDrive\\Desktop\\Website-Darius-Hreniuc-Modificat\\backend\\models\\Booking.js:783:3)\n    at Module._compile (node:internal/modules/cjs/loader:1554:14)\n    at Object..js (node:internal/modules/cjs/loader:1706:10)\n    at Module.load (node:internal/modules/cjs/loader:1289:32)\n    at Function._load (node:internal/modules/cjs/loader:1108:12)\n    at TracingChannel.traceSync (node:diagnostics_channel:322:14)\n    at wrapModuleLoad (node:internal/modules/cjs/loader:220:24)\n    at Module.require (node:internal/modules/cjs/loader:1311:12)\n    at require (node:internal/modules/helpers:136:16)\n    at Object.<anonymous> (C:\\Users\\parna\\OneDrive\\Desktop\\Website-Darius-Hreniuc-Modificat\\backend\\server.js:7:21)","os":{"loadavg":[0,0,0],"uptime":344764.578},"process":{"argv":["C:\\node.exe","C:\\Users\\parna\\OneDrive\\Desktop\\Website-Darius-Hreniuc-Modificat\\backend\\server.js"],"cwd":"C:\\Users\\parna\\OneDrive\\Desktop\\Website-Darius-Hreniuc-Modificat\\backend","execPath":"C:\\node.exe","gid":null,"memoryUsage":{"arrayBuffers":18262287,"external":20487787,"heapTotal":35880960,"heapUsed":23656944,"rss":68857856},"pid":31524,"uid":null,"version":"v22.14.0"},"stack":"ReferenceError: checkMultipleTimeSlots is not defined\n    at Object.<anonymous> (C:\\Users\\parna\\OneDrive\\Desktop\\Website-Darius-Hreniuc-Modificat\\backend\\models\\Booking.js:783:3)\n    at Module._compile (node:internal/modules/cjs/loader:1554:14)\n    at Object..js (node:internal/modules/cjs/loader:1706:10)\n    at Module.load (node:internal/modules/cjs/loader:1289:32)\n    at Function._load (node:internal/modules/cjs/loader:1108:12)\n    at TracingChannel.traceSync (node:diagnostics_channel:322:14)\n    at wrapModuleLoad (node:internal/modules/cjs/loader:220:24)\n    at Module.require (node:internal/modules/cjs/loader:1311:12)\n    at require (node:internal/modules/helpers:136:16)\n    at Object.<anonymous> (C:\\Users\\parna\\OneDrive\\Desktop\\Website-Darius-Hreniuc-Modificat\\backend\\server.js:7:21)","timestamp":"2025-06-18T07:39:49.648Z","trace":[{"column":3,"file":"C:\\Users\\parna\\OneDrive\\Desktop\\Website-Darius-Hreniuc-Modificat\\backend\\models\\Booking.js","function":null,"line":783,"method":null,"native":false},{"column":14,"file":"node:internal/modules/cjs/loader","function":"Module._compile","line":1554,"method":"_compile","native":false},{"column":10,"file":"node:internal/modules/cjs/loader","function":"Object..js","line":1706,"method":".js","native":false},{"column":32,"file":"node:internal/modules/cjs/loader","function":"Module.load","line":1289,"method":"load","native":false},{"column":12,"file":"node:internal/modules/cjs/loader","function":"Function._load","line":1108,"method":"_load","native":false},{"column":14,"file":"node:diagnostics_channel","function":"TracingChannel.traceSync","line":322,"method":"traceSync","native":false},{"column":24,"file":"node:internal/modules/cjs/loader","function":"wrapModuleLoad","line":220,"method":null,"native":false},{"column":12,"file":"node:internal/modules/cjs/loader","function":"Module.require","line":1311,"method":"require","native":false},{"column":16,"file":"node:internal/modules/helpers","function":"require","line":136,"method":null,"native":false},{"column":21,"file":"C:\\Users\\parna\\OneDrive\\Desktop\\Website-Darius-Hreniuc-Modificat\\backend\\server.js","function":null,"line":7,"method":null,"native":false}]}
{"date":"Wed Jun 18 2025 10:40:29 GMT+0300 (Eastern European Summer Time)","error":{},"exception":true,"level":"error","message":"uncaughtException: checkMultipleTimeSlots is not defined\nReferenceError: checkMultipleTimeSlots is not defined\n    at Object.<anonymous> (C:\\Users\\parna\\OneDrive\\Desktop\\Website-Darius-Hreniuc-Modificat\\backend\\models\\Booking.js:783:3)\n    at Module._compile (node:internal/modules/cjs/loader:1554:14)\n    at Object..js (node:internal/modules/cjs/loader:1706:10)\n    at Module.load (node:internal/modules/cjs/loader:1289:32)\n    at Function._load (node:internal/modules/cjs/loader:1108:12)\n    at TracingChannel.traceSync (node:diagnostics_channel:322:14)\n    at wrapModuleLoad (node:internal/modules/cjs/loader:220:24)\n    at Module.require (node:internal/modules/cjs/loader:1311:12)\n    at require (node:internal/modules/helpers:136:16)\n    at Object.<anonymous> (C:\\Users\\parna\\OneDrive\\Desktop\\Website-Darius-Hreniuc-Modificat\\backend\\server.js:7:21)","os":{"loadavg":[0,0,0],"uptime":344804.89},"process":{"argv":["C:\\node.exe","C:\\Users\\parna\\OneDrive\\Desktop\\Website-Darius-Hreniuc-Modificat\\backend\\server.js"],"cwd":"C:\\Users\\parna\\OneDrive\\Desktop\\Website-Darius-Hreniuc-Modificat\\backend","execPath":"C:\\node.exe","gid":null,"memoryUsage":{"arrayBuffers":18262287,"external":20487787,"heapTotal":35880960,"heapUsed":23714864,"rss":68653056},"pid":15768,"uid":null,"version":"v22.14.0"},"stack":"ReferenceError: checkMultipleTimeSlots is not defined\n    at Object.<anonymous> (C:\\Users\\parna\\OneDrive\\Desktop\\Website-Darius-Hreniuc-Modificat\\backend\\models\\Booking.js:783:3)\n    at Module._compile (node:internal/modules/cjs/loader:1554:14)\n    at Object..js (node:internal/modules/cjs/loader:1706:10)\n    at Module.load (node:internal/modules/cjs/loader:1289:32)\n    at Function._load (node:internal/modules/cjs/loader:1108:12)\n    at TracingChannel.traceSync (node:diagnostics_channel:322:14)\n    at wrapModuleLoad (node:internal/modules/cjs/loader:220:24)\n    at Module.require (node:internal/modules/cjs/loader:1311:12)\n    at require (node:internal/modules/helpers:136:16)\n    at Object.<anonymous> (C:\\Users\\parna\\OneDrive\\Desktop\\Website-Darius-Hreniuc-Modificat\\backend\\server.js:7:21)","timestamp":"2025-06-18T07:40:29.962Z","trace":[{"column":3,"file":"C:\\Users\\parna\\OneDrive\\Desktop\\Website-Darius-Hreniuc-Modificat\\backend\\models\\Booking.js","function":null,"line":783,"method":null,"native":false},{"column":14,"file":"node:internal/modules/cjs/loader","function":"Module._compile","line":1554,"method":"_compile","native":false},{"column":10,"file":"node:internal/modules/cjs/loader","function":"Object..js","line":1706,"method":".js","native":false},{"column":32,"file":"node:internal/modules/cjs/loader","function":"Module.load","line":1289,"method":"load","native":false},{"column":12,"file":"node:internal/modules/cjs/loader","function":"Function._load","line":1108,"method":"_load","native":false},{"column":14,"file":"node:diagnostics_channel","function":"TracingChannel.traceSync","line":322,"method":"traceSync","native":false},{"column":24,"file":"node:internal/modules/cjs/loader","function":"wrapModuleLoad","line":220,"method":null,"native":false},{"column":12,"file":"node:internal/modules/cjs/loader","function":"Module.require","line":1311,"method":"require","native":false},{"column":16,"file":"node:internal/modules/helpers","function":"require","line":136,"method":null,"native":false},{"column":21,"file":"C:\\Users\\parna\\OneDrive\\Desktop\\Website-Darius-Hreniuc-Modificat\\backend\\server.js","function":null,"line":7,"method":null,"native":false}]}
2025-06-18 10:41:01 [[31MERROR[39M]: [31muncaughtException: checkMultipleTimeSlots is not defined[39m
[31mReferenceError: checkMultipleTimeSlots is not defined[39m
[31m    at Object.<anonymous> (C:\Users\parna\OneDrive\Desktop\Website-Darius-Hreniuc-Modificat\backend\models\Booking.js:783:3)[39m
[31m    at Module._compile (node:internal/modules/cjs/loader:1554:14)[39m
[31m    at Object..js (node:internal/modules/cjs/loader:1706:10)[39m
[31m    at Module.load (node:internal/modules/cjs/loader:1289:32)[39m
[31m    at Function._load (node:internal/modules/cjs/loader:1108:12)[39m
[31m    at TracingChannel.traceSync (node:diagnostics_channel:322:14)[39m
[31m    at wrapModuleLoad (node:internal/modules/cjs/loader:220:24)[39m
[31m    at Module.require (node:internal/modules/cjs/loader:1311:12)[39m
[31m    at require (node:internal/modules/helpers:136:16)[39m
[31m    at Object.<anonymous> (C:\Users\parna\OneDrive\Desktop\Website-Darius-Hreniuc-Modificat\backend\server.js:7:21)[39m
Stack: ReferenceError: checkMultipleTimeSlots is not defined
    at Object.<anonymous> (C:\Users\parna\OneDrive\Desktop\Website-Darius-Hreniuc-Modificat\backend\models\Booking.js:783:3)
    at Module._compile (node:internal/modules/cjs/loader:1554:14)
    at Object..js (node:internal/modules/cjs/loader:1706:10)
    at Module.load (node:internal/modules/cjs/loader:1289:32)
    at Function._load (node:internal/modules/cjs/loader:1108:12)
    at TracingChannel.traceSync (node:diagnostics_channel:322:14)
    at wrapModuleLoad (node:internal/modules/cjs/loader:220:24)
    at Module.require (node:internal/modules/cjs/loader:1311:12)
    at require (node:internal/modules/helpers:136:16)
    at Object.<anonymous> (C:\Users\parna\OneDrive\Desktop\Website-Darius-Hreniuc-Modificat\backend\server.js:7:21)
Meta: {
  "error": {},
  "exception": true,
  "date": "Wed Jun 18 2025 10:41:01 GMT+0300 (Eastern European Summer Time)",
  "process": {
    "pid": 24456,
    "uid": null,
    "gid": null,
    "cwd": "C:\\Users\\parna\\OneDrive\\Desktop\\Website-Darius-Hreniuc-Modificat\\backend",
    "execPath": "C:\\node.exe",
    "version": "v22.14.0",
    "argv": [
      "C:\\node.exe",
      "C:\\Users\\parna\\OneDrive\\Desktop\\Website-Darius-Hreniuc-Modificat\\backend\\server.js"
    ],
    "memoryUsage": {
      "rss": 71213056,
      "heapTotal": 35889152,
      "heapUsed": 26176880,
      "external": 20487787,
      "arrayBuffers": 18262287
    }
  },
  "os": {
    "loadavg": [
      0,
      0,
      0
    ],
    "uptime": 344836.89
  },
  "trace": [
    {
      "column": 3,
      "file": "C:\\Users\\parna\\OneDrive\\Desktop\\Website-Darius-Hreniuc-Modificat\\backend\\models\\Booking.js",
      "function": null,
      "line": 783,
      "method": null,
      "native": false
    },
    {
      "column": 14,
      "file": "node:internal/modules/cjs/loader",
      "function": "Module._compile",
      "line": 1554,
      "method": "_compile",
      "native": false
    },
    {
      "column": 10,
      "file": "node:internal/modules/cjs/loader",
      "function": "Object..js",
      "line": 1706,
      "method": ".js",
      "native": false
    },
    {
      "column": 32,
      "file": "node:internal/modules/cjs/loader",
      "function": "Module.load",
      "line": 1289,
      "method": "load",
      "native": false
    },
    {
      "column": 12,
      "file": "node:internal/modules/cjs/loader",
      "function": "Function._load",
      "line": 1108,
      "method": "_load",
      "native": false
    },
    {
      "column": 14,
      "file": "node:diagnostics_channel",
      "function": "TracingChannel.traceSync",
      "line": 322,
      "method": "traceSync",
      "native": false
    },
    {
      "column": 24,
      "file": "node:internal/modules/cjs/loader",
      "function": "wrapModuleLoad",
      "line": 220,
      "method": null,
      "native": false
    },
    {
      "column": 12,
      "file": "node:internal/modules/cjs/loader",
      "function": "Module.require",
      "line": 1311,
      "method": "require",
      "native": false
    },
    {
      "column": 16,
      "file": "node:internal/modules/helpers",
      "function": "require",
      "line": 136,
      "method": null,
      "native": false
    },
    {
      "column": 21,
      "file": "C:\\Users\\parna\\OneDrive\\Desktop\\Website-Darius-Hreniuc-Modificat\\backend\\server.js",
      "function": null,
      "line": 7,
      "method": null,
      "native": false
    }
  ]
}
