2025-06-19 14:17:39 [[31MERROR[39M]: [31munhandledRejection: 38100000:error:0A000438:SSL routines:ssl3_read_bytes:tlsv1 alert internal error:c:\ws\deps\openssl\openssl\ssl\record\rec_layer_s3.c:1605:SSL alert number 80[39m

[31mMongoServerSelectionError: 38100000:error:0A000438:SSL routines:ssl3_read_bytes:tlsv1 alert internal error:c:\ws\deps\openssl\openssl\ssl\record\rec_layer_s3.c:1605:SSL alert number 80[39m

[31m    at Topology.selectServer (C:\Users\parna\OneDrive\Desktop\Website-Darius-Hreniuc-Modificat\backend\node_modules\mongodb\lib\sdam\topology.js:326:38)[39m
[31m    at async Topology._connect (C:\Users\parna\OneDrive\Desktop\Website-Darius-Hreniuc-Modificat\backend\node_modules\mongodb\lib\sdam\topology.js:200:28)[39m
[31m    at async Topology.connect (C:\Users\parna\OneDrive\Desktop\Website-Darius-Hreniuc-Modificat\backend\node_modules\mongodb\lib\sdam\topology.js:152:13)[39m
[31m    at async topologyConnect (C:\Users\parna\OneDrive\Desktop\Website-Darius-Hreniuc-Modificat\backend\node_modules\mongodb\lib\mongo_client.js:246:17)[39m
[31m    at async MongoClient._connect (C:\Users\parna\OneDrive\Desktop\Website-Darius-Hreniuc-Modificat\backend\node_modules\mongodb\lib\mongo_client.js:259:13)[39m
[31m    at async MongoClient.connect (C:\Users\parna\OneDrive\Desktop\Website-Darius-Hreniuc-Modificat\backend\node_modules\mongodb\lib\mongo_client.js:184:13)[39m
[31m    at async MongoClient.connect (C:\Users\parna\OneDrive\Desktop\Website-Darius-Hreniuc-Modificat\backend\node_modules\mongodb\lib\mongo_client.js:406:16)[39m
Stack: MongoServerSelectionError: 38100000:error:0A000438:SSL routines:ssl3_read_bytes:tlsv1 alert internal error:c:\ws\deps\openssl\openssl\ssl\record\rec_layer_s3.c:1605:SSL alert number 80

    at Topology.selectServer (C:\Users\parna\OneDrive\Desktop\Website-Darius-Hreniuc-Modificat\backend\node_modules\mongodb\lib\sdam\topology.js:326:38)
    at async Topology._connect (C:\Users\parna\OneDrive\Desktop\Website-Darius-Hreniuc-Modificat\backend\node_modules\mongodb\lib\sdam\topology.js:200:28)
    at async Topology.connect (C:\Users\parna\OneDrive\Desktop\Website-Darius-Hreniuc-Modificat\backend\node_modules\mongodb\lib\sdam\topology.js:152:13)
    at async topologyConnect (C:\Users\parna\OneDrive\Desktop\Website-Darius-Hreniuc-Modificat\backend\node_modules\mongodb\lib\mongo_client.js:246:17)
    at async MongoClient._connect (C:\Users\parna\OneDrive\Desktop\Website-Darius-Hreniuc-Modificat\backend\node_modules\mongodb\lib\mongo_client.js:259:13)
    at async MongoClient.connect (C:\Users\parna\OneDrive\Desktop\Website-Darius-Hreniuc-Modificat\backend\node_modules\mongodb\lib\mongo_client.js:184:13)
    at async MongoClient.connect (C:\Users\parna\OneDrive\Desktop\Website-Darius-Hreniuc-Modificat\backend\node_modules\mongodb\lib\mongo_client.js:406:16)
Meta: {
  "error": {
    "errorLabelSet": {},
    "reason": {
      "type": "ReplicaSetNoPrimary",
      "servers": {
        "ac-ykadtfx-shard-00-02.l1amkmx.mongodb.net:27017": {
          "address": "ac-ykadtfx-shard-00-02.l1amkmx.mongodb.net:27017",
          "type": "Unknown",
          "hosts": [],
          "passives": [],
          "arbiters": [],
          "tags": {},
          "minWireVersion": 0,
          "maxWireVersion": 0,
          "roundTripTime": -1,
          "minRoundTripTime": 0,
          "lastUpdateTime": 7663947,
          "lastWriteDate": 0,
          "error": {
            "errorLabelSet": {},
            "beforeHandshake": false
          },
          "topologyVersion": null,
          "setName": null,
          "setVersion": null,
          "electionId": null,
          "logicalSessionTimeoutMinutes": null,
          "maxMessageSizeBytes": null,
          "maxWriteBatchSize": null,
          "maxBsonObjectSize": null,
          "primary": null,
          "me": null,
          "$clusterTime": null,
          "iscryptd": false
        },
        "ac-ykadtfx-shard-00-01.l1amkmx.mongodb.net:27017": {
          "address": "ac-ykadtfx-shard-00-01.l1amkmx.mongodb.net:27017",
          "type": "Unknown",
          "hosts": [],
          "passives": [],
          "arbiters": [],
          "tags": {},
          "minWireVersion": 0,
          "maxWireVersion": 0,
          "roundTripTime": -1,
          "minRoundTripTime": 0,
          "lastUpdateTime": 7664012,
          "lastWriteDate": 0,
          "error": {
            "errorLabelSet": {},
            "beforeHandshake": false
          },
          "topologyVersion": null,
          "setName": null,
          "setVersion": null,
          "electionId": null,
          "logicalSessionTimeoutMinutes": null,
          "maxMessageSizeBytes": null,
          "maxWriteBatchSize": null,
          "maxBsonObjectSize": null,
          "primary": null,
          "me": null,
          "$clusterTime": null,
          "iscryptd": false
        },
        "ac-ykadtfx-shard-00-00.l1amkmx.mongodb.net:27017": {
          "address": "ac-ykadtfx-shard-00-00.l1amkmx.mongodb.net:27017",
          "type": "Unknown",
          "hosts": [],
          "passives": [],
          "arbiters": [],
          "tags": {},
          "minWireVersion": 0,
          "maxWireVersion": 0,
          "roundTripTime": -1,
          "minRoundTripTime": 0,
          "lastUpdateTime": 7663990,
          "lastWriteDate": 0,
          "error": {
            "errorLabelSet": {},
            "beforeHandshake": false
          },
          "topologyVersion": null,
          "setName": null,
          "setVersion": null,
          "electionId": null,
          "logicalSessionTimeoutMinutes": null,
          "maxMessageSizeBytes": null,
          "maxWriteBatchSize": null,
          "maxBsonObjectSize": null,
          "primary": null,
          "me": null,
          "$clusterTime": null,
          "iscryptd": false
        }
      },
      "stale": false,
      "compatible": true,
      "heartbeatFrequencyMS": 10000,
      "localThresholdMS": 15,
      "setName": "atlas-wujy0y-shard-0",
      "maxElectionId": null,
      "maxSetVersion": null,
      "commonWireVersion": 0,
      "logicalSessionTimeoutMinutes": null
    }
  },
  "rejection": true,
  "date": "Thu Jun 19 2025 14:17:39 GMT+0300 (Eastern European Summer Time)",
  "process": {
    "pid": 18780,
    "uid": null,
    "gid": null,
    "cwd": "C:\\Users\\parna\\OneDrive\\Desktop\\Website-Darius-Hreniuc-Modificat\\backend",
    "execPath": "C:\\node.exe",
    "version": "v22.14.0",
    "argv": [
      "C:\\node.exe",
      "C:\\Users\\parna\\OneDrive\\Desktop\\Website-Darius-Hreniuc-Modificat\\backend\\server.js"
    ],
    "memoryUsage": {
      "rss": 74330112,
      "heapTotal": 28434432,
      "heapUsed": 25612200,
      "external": 20692176,
      "arrayBuffers": 18270964
    }
  },
  "os": {
    "loadavg": [
      0,
      0,
      0
    ],
    "uptime": 7664.218
  },
  "trace": [
    {
      "column": 38,
      "file": "C:\\Users\\parna\\OneDrive\\Desktop\\Website-Darius-Hreniuc-Modificat\\backend\\node_modules\\mongodb\\lib\\sdam\\topology.js",
      "function": "Topology.selectServer",
      "line": 326,
      "method": "selectServer",
      "native": false
    },
    {
      "column": 28,
      "file": "C:\\Users\\parna\\OneDrive\\Desktop\\Website-Darius-Hreniuc-Modificat\\backend\\node_modules\\mongodb\\lib\\sdam\\topology.js",
      "function": "async Topology._connect",
      "line": 200,
      "method": "_connect",
      "native": false
    },
    {
      "column": 13,
      "file": "C:\\Users\\parna\\OneDrive\\Desktop\\Website-Darius-Hreniuc-Modificat\\backend\\node_modules\\mongodb\\lib\\sdam\\topology.js",
      "function": "async Topology.connect",
      "line": 152,
      "method": "connect",
      "native": false
    },
    {
      "column": 17,
      "file": "C:\\Users\\parna\\OneDrive\\Desktop\\Website-Darius-Hreniuc-Modificat\\backend\\node_modules\\mongodb\\lib\\mongo_client.js",
      "function": "async topologyConnect",
      "line": 246,
      "method": null,
      "native": false
    },
    {
      "column": 13,
      "file": "C:\\Users\\parna\\OneDrive\\Desktop\\Website-Darius-Hreniuc-Modificat\\backend\\node_modules\\mongodb\\lib\\mongo_client.js",
      "function": "async MongoClient._connect",
      "line": 259,
      "method": "_connect",
      "native": false
    },
    {
      "column": 13,
      "file": "C:\\Users\\parna\\OneDrive\\Desktop\\Website-Darius-Hreniuc-Modificat\\backend\\node_modules\\mongodb\\lib\\mongo_client.js",
      "function": "async MongoClient.connect",
      "line": 184,
      "method": "connect",
      "native": false
    },
    {
      "column": 16,
      "file": "C:\\Users\\parna\\OneDrive\\Desktop\\Website-Darius-Hreniuc-Modificat\\backend\\node_modules\\mongodb\\lib\\mongo_client.js",
      "function": "async MongoClient.connect",
      "line": 406,
      "method": "connect",
      "native": false
    }
  ]
}
2025-06-19 14:19:56 [[31MERROR[39M]: [31munhandledRejection: 4C2F0000:error:0A000438:SSL routines:ssl3_read_bytes:tlsv1 alert internal error:c:\ws\deps\openssl\openssl\ssl\record\rec_layer_s3.c:1605:SSL alert number 80[39m

[31mMongoServerSelectionError: 4C2F0000:error:0A000438:SSL routines:ssl3_read_bytes:tlsv1 alert internal error:c:\ws\deps\openssl\openssl\ssl\record\rec_layer_s3.c:1605:SSL alert number 80[39m

[31m    at Topology.selectServer (C:\Users\parna\OneDrive\Desktop\Website-Darius-Hreniuc-Modificat\backend\node_modules\mongodb\lib\sdam\topology.js:326:38)[39m
[31m    at async Topology._connect (C:\Users\parna\OneDrive\Desktop\Website-Darius-Hreniuc-Modificat\backend\node_modules\mongodb\lib\sdam\topology.js:200:28)[39m
[31m    at async Topology.connect (C:\Users\parna\OneDrive\Desktop\Website-Darius-Hreniuc-Modificat\backend\node_modules\mongodb\lib\sdam\topology.js:152:13)[39m
[31m    at async topologyConnect (C:\Users\parna\OneDrive\Desktop\Website-Darius-Hreniuc-Modificat\backend\node_modules\mongodb\lib\mongo_client.js:246:17)[39m
[31m    at async MongoClient._connect (C:\Users\parna\OneDrive\Desktop\Website-Darius-Hreniuc-Modificat\backend\node_modules\mongodb\lib\mongo_client.js:259:13)[39m
[31m    at async MongoClient.connect (C:\Users\parna\OneDrive\Desktop\Website-Darius-Hreniuc-Modificat\backend\node_modules\mongodb\lib\mongo_client.js:184:13)[39m
[31m    at async MongoClient.connect (C:\Users\parna\OneDrive\Desktop\Website-Darius-Hreniuc-Modificat\backend\node_modules\mongodb\lib\mongo_client.js:406:16)[39m
Stack: MongoServerSelectionError: 4C2F0000:error:0A000438:SSL routines:ssl3_read_bytes:tlsv1 alert internal error:c:\ws\deps\openssl\openssl\ssl\record\rec_layer_s3.c:1605:SSL alert number 80

    at Topology.selectServer (C:\Users\parna\OneDrive\Desktop\Website-Darius-Hreniuc-Modificat\backend\node_modules\mongodb\lib\sdam\topology.js:326:38)
    at async Topology._connect (C:\Users\parna\OneDrive\Desktop\Website-Darius-Hreniuc-Modificat\backend\node_modules\mongodb\lib\sdam\topology.js:200:28)
    at async Topology.connect (C:\Users\parna\OneDrive\Desktop\Website-Darius-Hreniuc-Modificat\backend\node_modules\mongodb\lib\sdam\topology.js:152:13)
    at async topologyConnect (C:\Users\parna\OneDrive\Desktop\Website-Darius-Hreniuc-Modificat\backend\node_modules\mongodb\lib\mongo_client.js:246:17)
    at async MongoClient._connect (C:\Users\parna\OneDrive\Desktop\Website-Darius-Hreniuc-Modificat\backend\node_modules\mongodb\lib\mongo_client.js:259:13)
    at async MongoClient.connect (C:\Users\parna\OneDrive\Desktop\Website-Darius-Hreniuc-Modificat\backend\node_modules\mongodb\lib\mongo_client.js:184:13)
    at async MongoClient.connect (C:\Users\parna\OneDrive\Desktop\Website-Darius-Hreniuc-Modificat\backend\node_modules\mongodb\lib\mongo_client.js:406:16)
Meta: {
  "error": {
    "errorLabelSet": {},
    "reason": {
      "type": "ReplicaSetNoPrimary",
      "servers": {
        "ac-ykadtfx-shard-00-02.l1amkmx.mongodb.net:27017": {
          "address": "ac-ykadtfx-shard-00-02.l1amkmx.mongodb.net:27017",
          "type": "Unknown",
          "hosts": [],
          "passives": [],
          "arbiters": [],
          "tags": {},
          "minWireVersion": 0,
          "maxWireVersion": 0,
          "roundTripTime": -1,
          "minRoundTripTime": 0,
          "lastUpdateTime": 7801448,
          "lastWriteDate": 0,
          "error": {
            "errorLabelSet": {},
            "beforeHandshake": false
          },
          "topologyVersion": null,
          "setName": null,
          "setVersion": null,
          "electionId": null,
          "logicalSessionTimeoutMinutes": null,
          "maxMessageSizeBytes": null,
          "maxWriteBatchSize": null,
          "maxBsonObjectSize": null,
          "primary": null,
          "me": null,
          "$clusterTime": null,
          "iscryptd": false
        },
        "ac-ykadtfx-shard-00-00.l1amkmx.mongodb.net:27017": {
          "address": "ac-ykadtfx-shard-00-00.l1amkmx.mongodb.net:27017",
          "type": "Unknown",
          "hosts": [],
          "passives": [],
          "arbiters": [],
          "tags": {},
          "minWireVersion": 0,
          "maxWireVersion": 0,
          "roundTripTime": -1,
          "minRoundTripTime": 0,
          "lastUpdateTime": 7801334,
          "lastWriteDate": 0,
          "error": {
            "errorLabelSet": {},
            "beforeHandshake": false
          },
          "topologyVersion": null,
          "setName": null,
          "setVersion": null,
          "electionId": null,
          "logicalSessionTimeoutMinutes": null,
          "maxMessageSizeBytes": null,
          "maxWriteBatchSize": null,
          "maxBsonObjectSize": null,
          "primary": null,
          "me": null,
          "$clusterTime": null,
          "iscryptd": false
        },
        "ac-ykadtfx-shard-00-01.l1amkmx.mongodb.net:27017": {
          "address": "ac-ykadtfx-shard-00-01.l1amkmx.mongodb.net:27017",
          "type": "Unknown",
          "hosts": [],
          "passives": [],
          "arbiters": [],
          "tags": {},
          "minWireVersion": 0,
          "maxWireVersion": 0,
          "roundTripTime": -1,
          "minRoundTripTime": 0,
          "lastUpdateTime": 7801303,
          "lastWriteDate": 0,
          "error": {
            "errorLabelSet": {},
            "beforeHandshake": false
          },
          "topologyVersion": null,
          "setName": null,
          "setVersion": null,
          "electionId": null,
          "logicalSessionTimeoutMinutes": null,
          "maxMessageSizeBytes": null,
          "maxWriteBatchSize": null,
          "maxBsonObjectSize": null,
          "primary": null,
          "me": null,
          "$clusterTime": null,
          "iscryptd": false
        }
      },
      "stale": false,
      "compatible": true,
      "heartbeatFrequencyMS": 10000,
      "localThresholdMS": 15,
      "setName": "atlas-wujy0y-shard-0",
      "maxElectionId": null,
      "maxSetVersion": null,
      "commonWireVersion": 0,
      "logicalSessionTimeoutMinutes": null
    }
  },
  "rejection": true,
  "date": "Thu Jun 19 2025 14:19:56 GMT+0300 (Eastern European Summer Time)",
  "process": {
    "pid": 27120,
    "uid": null,
    "gid": null,
    "cwd": "C:\\Users\\parna\\OneDrive\\Desktop\\Website-Darius-Hreniuc-Modificat\\backend",
    "execPath": "C:\\node.exe",
    "version": "v22.14.0",
    "argv": [
      "C:\\node.exe",
      "C:\\Users\\parna\\OneDrive\\Desktop\\Website-Darius-Hreniuc-Modificat\\backend\\server.js"
    ],
    "memoryUsage": {
      "rss": 72855552,
      "heapTotal": 28172288,
      "heapUsed": 25927136,
      "external": 20692176,
      "arrayBuffers": 18270964
    }
  },
  "os": {
    "loadavg": [
      0,
      0,
      0
    ],
    "uptime": 7801.64
  },
  "trace": [
    {
      "column": 38,
      "file": "C:\\Users\\parna\\OneDrive\\Desktop\\Website-Darius-Hreniuc-Modificat\\backend\\node_modules\\mongodb\\lib\\sdam\\topology.js",
      "function": "Topology.selectServer",
      "line": 326,
      "method": "selectServer",
      "native": false
    },
    {
      "column": 28,
      "file": "C:\\Users\\parna\\OneDrive\\Desktop\\Website-Darius-Hreniuc-Modificat\\backend\\node_modules\\mongodb\\lib\\sdam\\topology.js",
      "function": "async Topology._connect",
      "line": 200,
      "method": "_connect",
      "native": false
    },
    {
      "column": 13,
      "file": "C:\\Users\\parna\\OneDrive\\Desktop\\Website-Darius-Hreniuc-Modificat\\backend\\node_modules\\mongodb\\lib\\sdam\\topology.js",
      "function": "async Topology.connect",
      "line": 152,
      "method": "connect",
      "native": false
    },
    {
      "column": 17,
      "file": "C:\\Users\\parna\\OneDrive\\Desktop\\Website-Darius-Hreniuc-Modificat\\backend\\node_modules\\mongodb\\lib\\mongo_client.js",
      "function": "async topologyConnect",
      "line": 246,
      "method": null,
      "native": false
    },
    {
      "column": 13,
      "file": "C:\\Users\\parna\\OneDrive\\Desktop\\Website-Darius-Hreniuc-Modificat\\backend\\node_modules\\mongodb\\lib\\mongo_client.js",
      "function": "async MongoClient._connect",
      "line": 259,
      "method": "_connect",
      "native": false
    },
    {
      "column": 13,
      "file": "C:\\Users\\parna\\OneDrive\\Desktop\\Website-Darius-Hreniuc-Modificat\\backend\\node_modules\\mongodb\\lib\\mongo_client.js",
      "function": "async MongoClient.connect",
      "line": 184,
      "method": "connect",
      "native": false
    },
    {
      "column": 16,
      "file": "C:\\Users\\parna\\OneDrive\\Desktop\\Website-Darius-Hreniuc-Modificat\\backend\\node_modules\\mongodb\\lib\\mongo_client.js",
      "function": "async MongoClient.connect",
      "line": 406,
      "method": "connect",
      "native": false
    }
  ]
}
